<?xml version="1.0" encoding="UTF-8"?>
<!-- Generated by org.testng.reporters.JUnitXMLReporter -->
<testsuite hostname="Mds-MacBook-Air.local" ignored="0" name="Test" tests="1" failures="1" timestamp="2020-06-21T19:34:44 EDT" time="9.432" errors="0">
  <testcase name="feature" time="8.846" classname="com.boston.runner.testRunner">
    <failure type="java.lang.IndexOutOfBoundsException" message="Index: 2, Size: 2">
      <![CDATA[java.lang.IndexOutOfBoundsException: Index: 2, Size: 2
at java.util.ArrayList.rangeCheck(ArrayList.java:657)
at java.util.ArrayList.get(ArrayList.java:433)
at cucumber.runtime.model.CucumberScenarioOutline.replaceTokens(CucumberScenarioOutline.java:117)
at cucumber.runtime.model.CucumberScenarioOutline.createExampleScenario(CucumberScenarioOutline.java:57)
at cucumber.runtime.model.CucumberExamples.createExampleScenarios(CucumberExamples.java:28)
at cucumber.runtime.model.CucumberScenarioOutline.run(CucumberScenarioOutline.java:44)
at cucumber.runtime.model.CucumberFeature.run(CucumberFeature.java:165)
at cucumber.api.testng.TestNGCucumberRunner.runCucumber(TestNGCucumberRunner.java:63)
at com.boston.runner.testRunner.feature(testRunner.java:35)
at java.util.ArrayList.forEach(ArrayList.java:1257)
... Removed 27 stack frames]]>
    </failure>
  </testcase> <!-- feature -->
</testsuite> <!-- Test -->
