<?xml version="1.0" encoding="UTF-8"?>
<!-- Generated by org.testng.reporters.JUnitXMLReporter -->
<testsuite hostname="Mds-MacBook-Air.local" ignored="0" name="Login Profile Test" tests="1" failures="1" timestamp="2020-07-10T19:43:39 EDT" time="27.928" errors="0">
  <testcase name="feature" time="27.545" classname="com.boston.runner.testRunner">
    <failure type="cucumber.runtime.CucumberException" message="java.lang.AssertionError: expected [Your store. Login] but found [Dashboard / nopCommerce administration]">
      <![CDATA[cucumber.runtime.CucumberException: java.lang.AssertionError: expected [Your store. Login] but found [Dashboard / nopCommerce administration]
at cucumber.api.testng.TestNGCucumberRunner.runCucumber(TestNGCucumberRunner.java:69)
at com.boston.runner.testRunner.feature(testRunner.java:35)
at java.util.ArrayList.forEach(ArrayList.java:1257)
at java.util.concurrent.FutureTask.run(FutureTask.java:266)
at java.util.concurrent.ThreadPoolExecutor.runWorker(ThreadPoolExecutor.java:1149)
at java.util.concurrent.ThreadPoolExecutor$Worker.run(ThreadPoolExecutor.java:624)
at java.lang.Thread.run(Thread.java:748)
Caused by: java.lang.AssertionError: expected [Your store. Login] but found [Dashboard / nopCommerce administration]
at com.boston.steps.StepRegister.user_should_be_on(StepRegister.java:55)
at ✽.And User should be on "Dashboard / NopCommerce News"(register.feature:21)
... Removed 23 stack frames]]>
    </failure>
  </testcase> <!-- feature -->
</testsuite> <!-- Login Profile Test -->
